<?xml version="1.0" encoding="UTF-8"?>
<!-- Generated by org.testng.reporters.JUnitReportReporter -->
<testsuite skipped="0" hostname="DESKTOP-IMONQ0M" name="EduvanzAssignment.EduvanzAssignment.TestAssignment" tests="4" failures="0" timestamp="24 Oct 2020 08:28:58 GMT" time="107.788" errors="0">
  <testcase name="navivateToAutoamationPracticePageAndClickonSignIn" time="7.336" classname="EduvanzAssignment.EduvanzAssignment.TestAssignment"/>
  <testcase name="login" time="10.898" classname="EduvanzAssignment.EduvanzAssignment.TestAssignment"/>
  <testcase name="selectProductAndVerifyDetails" time="68.166" classname="EduvanzAssignment.EduvanzAssignment.TestAssignment"/>
  <testcase name="checkoutAndVerifyAmount" time="21.388" classname="EduvanzAssignment.EduvanzAssignment.TestAssignment"/>
</testsuite> <!-- EduvanzAssignment.EduvanzAssignment.TestAssignment -->
